<?xml version="1.0" encoding="UTF-8"?>
<testsuite name="com.hotelapp.demo.service.HotelServiceTest" tests="1" skipped="0" failures="0" errors="0" timestamp="2023-01-22T12:06:07" hostname="DESKTOP-LE4NID0" time="0.139">
  <properties/>
  <testcase name="create()" classname="com.hotelapp.demo.service.HotelServiceTest" time="0.139"/>
  <system-out><![CDATA[12:05:58.725 [Test worker] DEBUG org.springframework.boot.test.context.SpringBootTestContextBootstrapper - Neither @ContextConfiguration nor @ContextHierarchy found for test class [HotelServiceTest]: using SpringBootContextLoader
12:05:58.738 [Test worker] DEBUG org.springframework.test.context.support.AbstractContextLoader - Could not detect default resource locations for test class [com.hotelapp.demo.service.HotelServiceTest]: no resource found for suffixes {-context.xml, Context.groovy}.
12:05:58.740 [Test worker] INFO org.springframework.test.context.support.AnnotationConfigContextLoaderUtils - Could not detect default configuration classes for test class [com.hotelapp.demo.service.HotelServiceTest]: HotelServiceTest does not declare any static, non-private, non-final, nested classes annotated with @Configuration.
12:05:58.805 [Test worker] DEBUG org.springframework.boot.test.context.SpringBootTestContextBootstrapper - Using ContextCustomizers for test class [HotelServiceTest]: [DisableObservabilityContextCustomizer, PropertyMappingContextCustomizer, Customizer, ExcludeFilterContextCustomizer, DuplicateJsonObjectContextCustomizer, MockitoContextCustomizer, TestRestTemplateContextCustomizer]
12:05:58.926 [Test worker] DEBUG org.springframework.context.annotation.ClassPathScanningCandidateComponentProvider - Identified candidate component class: file [C:\Users\Felix\Desktop\PROJECTS\Freelance Jobs\booking-clone\build\classes\java\main\com\hotelapp\demo\ManagementServiceApplication.class]
12:05:58.929 [Test worker] INFO org.springframework.boot.test.context.SpringBootTestContextBootstrapper - Found @SpringBootConfiguration com.hotelapp.demo.ManagementServiceApplication for test class com.hotelapp.demo.service.HotelServiceTest
12:05:59.198 [Test worker] DEBUG org.springframework.boot.test.context.SpringBootTestContextBootstrapper - Using TestExecutionListeners for test class [HotelServiceTest]: [ServletTestExecutionListener, DirtiesContextBeforeModesTestExecutionListener, ApplicationEventsTestExecutionListener, MockitoTestExecutionListener, DependencyInjectionTestExecutionListener, DirtiesContextTestExecutionListener, TransactionalTestExecutionListener, SqlScriptsTestExecutionListener, EventPublishingTestExecutionListener, RestDocsTestExecutionListener, MockRestServiceServerResetTestExecutionListener, MockMvcPrintOnlyOnFailureTestExecutionListener, WebDriverTestExecutionListener, MockWebServiceServerTestExecutionListener, ResetMocksTestExecutionListener]
12:05:59.201 [Test worker] DEBUG org.springframework.test.context.support.AbstractDirtiesContextTestExecutionListener - Before test class: class [HotelServiceTest], class annotated with @DirtiesContext [false] with mode [null]

  .   ____          _            __ _ _
 /\\ / ___'_ __ _ _(_)_ __  __ _ \ \ \ \
( ( )\___ | '_ | '_| | '_ \/ _` | \ \ \ \
 \\/  ___)| |_)| | | | | || (_| |  ) ) ) )
  '  |____| .__|_| |_|_| |_\__, | / / / /
 =========|_|==============|___/=/_/_/_/
 :: Spring Boot ::                (v3.0.2)

2023-01-22T12:05:59.777Z  INFO 16536 --- [    Test worker] c.h.demo.service.HotelServiceTest        : Starting HotelServiceTest using Java 19.0.1 with PID 16536 (started by Felix in C:\Users\Felix\Desktop\PROJECTS\Freelance Jobs\booking-clone)
2023-01-22T12:05:59.780Z  INFO 16536 --- [    Test worker] c.h.demo.service.HotelServiceTest        : No active profile set, falling back to 1 default profile: "default"
2023-01-22T12:06:00.868Z  INFO 16536 --- [    Test worker] .s.d.r.c.RepositoryConfigurationDelegate : Bootstrapping Spring Data JPA repositories in DEFAULT mode.
2023-01-22T12:06:00.973Z  INFO 16536 --- [    Test worker] .s.d.r.c.RepositoryConfigurationDelegate : Finished Spring Data repository scanning in 83 ms. Found 2 JPA repository interfaces.
2023-01-22T12:06:03.027Z  INFO 16536 --- [    Test worker] o.hibernate.jpa.internal.util.LogHelper  : HHH000204: Processing PersistenceUnitInfo [name: default]
2023-01-22T12:06:03.161Z  INFO 16536 --- [    Test worker] org.hibernate.Version                    : HHH000412: Hibernate ORM core version 6.1.6.Final
2023-01-22T12:06:03.303Z  WARN 16536 --- [    Test worker] org.hibernate.orm.deprecation            : HHH90000021: Encountered deprecated setting [javax.persistence.sharedCache.mode], use [jakarta.persistence.sharedCache.mode] instead
2023-01-22T12:06:03.537Z  INFO 16536 --- [    Test worker] com.zaxxer.hikari.HikariDataSource       : HikariPool-1 - Starting...
2023-01-22T12:06:03.830Z  INFO 16536 --- [    Test worker] com.zaxxer.hikari.pool.HikariPool        : HikariPool-1 - Added connection org.postgresql.jdbc.PgConnection@2dd8a273
2023-01-22T12:06:03.833Z  INFO 16536 --- [    Test worker] com.zaxxer.hikari.HikariDataSource       : HikariPool-1 - Start completed.
2023-01-22T12:06:03.900Z  INFO 16536 --- [    Test worker] SQL dialect                              : HHH000400: Using dialect: org.hibernate.dialect.PostgreSQLDialect
2023-01-22T12:06:05.358Z  INFO 16536 --- [    Test worker] o.h.e.t.j.p.i.JtaPlatformInitiator       : HHH000490: Using JtaPlatform implementation: [org.hibernate.engine.transaction.jta.platform.internal.NoJtaPlatform]
2023-01-22T12:06:05.371Z  INFO 16536 --- [    Test worker] j.LocalContainerEntityManagerFactoryBean : Initialized JPA EntityManagerFactory for persistence unit 'default'
2023-01-22T12:06:05.674Z  WARN 16536 --- [    Test worker] JpaBaseConfiguration$JpaWebConfiguration : spring.jpa.open-in-view is enabled by default. Therefore, database queries may be performed during view rendering. Explicitly configure spring.jpa.open-in-view to disable this warning
2023-01-22T12:06:07.034Z  INFO 16536 --- [    Test worker] c.h.demo.service.HotelServiceTest        : Started HotelServiceTest in 7.758 seconds (process running for 10.405)
]]></system-out>
  <system-err><![CDATA[]]></system-err>
</testsuite>
